mode: set
lesson01-ebvn/internal/handler/book_mark_handler.go:13.75,17.2 1 1
lesson01-ebvn/internal/handler/book_mark_handler.go:24.57,31.2 2 1
lesson01-ebvn/internal/service/book_mark_service.go:9.61,14.2 1 1
lesson01-ebvn/internal/service/book_mark_service.go:16.60,18.2 1 1
lesson01-ebvn/internal/config/config.go:17.27,20.16 3 0
lesson01-ebvn/internal/config/config.go:20.16,22.3 1 0
lesson01-ebvn/internal/config/config.go:23.2,23.26 1 0
lesson01-ebvn/internal/config/config.go:23.26,25.3 1 0
lesson01-ebvn/internal/config/config.go:26.2,26.13 1 0
lesson01-ebvn/docs/docs.go:53.13,55.2 1 0
lesson01-ebvn/internal/api/api.go:21.46,29.2 3 0
lesson01-ebvn/internal/api/api.go:30.32,32.2 1 0
lesson01-ebvn/internal/api/api.go:34.68,36.2 1 0
lesson01-ebvn/internal/api/api.go:39.31,44.2 4 0
lesson01-ebvn/cmd/api/main.go:13.13,15.16 2 0
lesson01-ebvn/cmd/api/main.go:15.16,16.25 1 0
lesson01-ebvn/cmd/api/main.go:19.2,21.39 2 0
lesson01-ebvn/cmd/api/main.go:21.39,22.13 1 0
lesson01-ebvn/internal/service/mocks/book_mark_service.go:13.61,16.19 2 0
lesson01-ebvn/internal/service/mocks/book_mark_service.go:16.19,17.55 1 0
lesson01-ebvn/internal/service/mocks/book_mark_service.go:20.2,22.56 3 0
lesson01-ebvn/internal/service/mocks/book_mark_service.go:22.56,24.3 1 0
lesson01-ebvn/internal/service/mocks/book_mark_service.go:25.2,25.46 1 0
lesson01-ebvn/internal/service/mocks/book_mark_service.go:25.46,27.3 1 0
lesson01-ebvn/internal/service/mocks/book_mark_service.go:27.8,29.3 1 0
lesson01-ebvn/internal/service/mocks/book_mark_service.go:31.2,31.46 1 0
lesson01-ebvn/internal/service/mocks/book_mark_service.go:31.46,33.3 1 0
lesson01-ebvn/internal/service/mocks/book_mark_service.go:33.8,35.3 1 0
lesson01-ebvn/internal/service/mocks/book_mark_service.go:37.2,37.15 1 0
lesson01-ebvn/internal/service/mocks/book_mark_service.go:45.21,49.19 3 0
lesson01-ebvn/internal/service/mocks/book_mark_service.go:49.19,49.49 1 0
lesson01-ebvn/internal/service/mocks/book_mark_service.go:51.2,51.13 1 0
